2025-06-09 00:41:39,120 - INFO - 
==================================================
2025-06-09 00:41:39,121 - INFO - 多模态假新闻检测系统
2025-06-09 00:41:39,123 - INFO - ==================================================
2025-06-09 00:47:59,633 - INFO - 
==================================================
2025-06-09 00:47:59,633 - INFO - 多模态假新闻检测系统
2025-06-09 00:47:59,633 - INFO - ==================================================
2025-06-09 00:48:31,535 - INFO - 
==================================================
2025-06-09 00:48:31,536 - INFO - 开始数据预处理...
2025-06-09 00:48:31,537 - INFO - - 训练集: D:\daerxia\Python\fight\data\t_dataset\twitter_dataset\devset\posts.txt
2025-06-09 00:48:31,538 - INFO - - 验证集: D:\daerxia\Python\fight\data\t_dataset\twitter_dataset\testset\posts_groundtruth.txt
2025-06-09 00:48:31,538 - INFO - - 输出目录: D:\daerxia\Python\fight\output\multimodal_model_result
2025-06-09 00:48:31,538 - INFO - ==================================================
2025-06-09 00:48:31,539 - INFO - 
==================================================
准备数据: train
==================================================
2025-06-09 00:48:31,661 - INFO - 文本保存至: D:\daerxia\Python\fight\output\multimodal_model_result\train_posts.txt
2025-06-09 00:48:31,662 - INFO - 标签保存至: D:\daerxia\Python\fight\output\multimodal_model_result\train_labels.txt
2025-06-09 00:48:31,663 - INFO - 
==================================================
情感分析: train
==================================================
2025-06-09 00:48:31,697 - INFO - 读取了 40 条文本
2025-06-09 01:03:31,541 - INFO - 
情感分析结果已保存到: D:\daerxia\Python\fight\output\multimodal_model_result\train_sentiment_labels.txt
2025-06-09 01:03:31,555 - INFO - 
==================================================
准备数据: val
==================================================
2025-06-09 01:03:31,610 - INFO - 文本保存至: D:\daerxia\Python\fight\output\multimodal_model_result\val_posts.txt
2025-06-09 01:03:31,610 - INFO - 标签保存至: D:\daerxia\Python\fight\output\multimodal_model_result\val_labels.txt
2025-06-09 01:03:31,611 - INFO - 
==================================================
情感分析: val
==================================================
2025-06-09 01:03:31,659 - INFO - 读取了 40 条文本
2025-06-09 01:18:18,598 - INFO - 
情感分析结果已保存到: D:\daerxia\Python\fight\output\multimodal_model_result\val_sentiment_labels.txt
2025-06-09 01:18:18,603 - INFO - 
数据预处理完成! 输出文件:
2025-06-09 01:18:18,604 - INFO - - train_text: D:\daerxia\Python\fight\output\multimodal_model_result\train_posts.txt
2025-06-09 01:18:18,604 - INFO - - train_labels: D:\daerxia\Python\fight\output\multimodal_model_result\train_labels.txt
2025-06-09 01:18:18,604 - INFO - - train_sentiment: D:\daerxia\Python\fight\output\multimodal_model_result\train_sentiment_labels.txt
2025-06-09 01:18:18,604 - INFO - - val_text: D:\daerxia\Python\fight\output\multimodal_model_result\val_posts.txt
2025-06-09 01:18:18,604 - INFO - - val_labels: D:\daerxia\Python\fight\output\multimodal_model_result\val_labels.txt
2025-06-09 01:18:18,604 - INFO - - val_sentiment: D:\daerxia\Python\fight\output\multimodal_model_result\val_sentiment_labels.txt
2025-06-09 01:18:18,606 - INFO - 
预处理完成! 开始训练模型...
2025-06-09 01:19:29,382 - INFO - 
==================================================
2025-06-09 01:19:29,383 - INFO - 开始模型训练...
2025-06-09 01:19:29,383 - INFO - - 融合策略: early
2025-06-09 01:19:29,383 - INFO - - 使用BERT: 是
2025-06-09 01:19:29,383 - INFO - - 批量大小: 32
2025-06-09 01:19:29,383 - INFO - - 训练轮数: 10
2025-06-09 01:19:29,384 - INFO - - 学习率: 1e-05
2025-06-09 01:19:29,384 - INFO - - 使用LDA主题建模: 是
2025-06-09 01:19:29,384 - INFO - - LDA目录: D:\daerxia\Python\fight\output\multimodal_model_result
2025-06-09 01:19:29,384 - INFO - ==================================================
2025-06-09 01:19:29,384 - INFO - 
加载训练数据集...
2025-06-09 01:19:29,389 - INFO - 
==================================================
加载数据集
==================================================
2025-06-09 01:19:29,389 - INFO - 文本文件: D:\daerxia\Python\fight\output\multimodal_model_result\train_posts.txt
2025-06-09 01:19:29,389 - INFO - 标签文件: D:\daerxia\Python\fight\output\multimodal_model_result\train_labels.txt
2025-06-09 01:19:29,389 - INFO - 情感文件: D:\daerxia\Python\fight\output\multimodal_model_result\train_sentiment_labels.txt
2025-06-09 01:19:29,433 - INFO - 未找到现有的LDA结果，开始主题建模: D:\daerxia\Python\fight\output\multimodal_model_result\lda_results.npy
2025-06-09 01:19:29,435 - INFO - 
==================================================
进行LDA主题建模
==================================================
2025-06-09 01:19:29,435 - INFO - - 输入文件: D:\daerxia\Python\fight\output\multimodal_model_result\train_posts.txt
2025-06-09 01:19:29,435 - INFO - - 输出目录: D:\daerxia\Python\fight\output\multimodal_model_result
2025-06-09 01:19:29,435 - INFO - - 主题数量: 10
2025-06-09 01:19:29,575 - INFO - 
训练LDA模型中...
2025-06-09 01:19:29,725 - INFO - 主题特征已保存到: D:\daerxia\Python\fight\output\multimodal_model_result\lda_results.npy
2025-06-09 01:19:29,739 - INFO - 加载主题文件: D:\daerxia\Python\fight\output\multimodal_model_result\lda_results.npy
2025-06-09 01:19:29,739 - INFO - 对齐后样本数: 40
2025-06-09 01:19:31,905 - INFO - 
加载验证数据集...
2025-06-09 01:19:31,905 - INFO - 
==================================================
加载数据集
==================================================
2025-06-09 01:19:31,905 - INFO - 文本文件: D:\daerxia\Python\fight\output\multimodal_model_result\val_posts.txt
2025-06-09 01:19:31,905 - INFO - 标签文件: D:\daerxia\Python\fight\output\multimodal_model_result\val_labels.txt
2025-06-09 01:19:31,905 - INFO - 情感文件: D:\daerxia\Python\fight\output\multimodal_model_result\val_sentiment_labels.txt
2025-06-09 01:19:31,910 - INFO - 加载主题文件: D:\daerxia\Python\fight\output\multimodal_model_result\lda_results.npy
2025-06-09 01:19:31,910 - INFO - 对齐后样本数: 40
2025-06-09 01:19:33,332 - INFO - 
使用设备: cpu
2025-06-09 01:19:33,332 - INFO - 
初始化模型...
2025-06-09 01:19:35,063 - INFO - 模型参数量: 109779842
2025-06-09 01:19:35,076 - INFO - 
==================================================
2025-06-09 01:19:35,076 - INFO - 开始训练 early 融合模型
2025-06-09 01:19:35,076 - INFO - ==================================================
2025-06-09 01:19:35,076 - INFO - 
轮次 1/10
2025-06-09 01:20:58,101 - INFO - 保存最佳模型: best_early_fusion_model.pth (验证准确率: 0.4500)
2025-06-09 01:20:58,111 - INFO - 训练损失: 0.7115 | 训练准确率: 0.5000 | 耗时: 66.93s
2025-06-09 01:20:58,111 - INFO - 验证准确率: 0.4500
2025-06-09 01:20:58,112 - INFO - 假新闻准确率: 0.9000 (20条)
2025-06-09 01:20:58,112 - INFO - 真新闻准确率: 0.0000 (20条)
2025-06-09 01:20:58,112 - INFO - 
轮次 2/10
2025-06-09 01:22:25,131 - INFO - 保存最佳模型: best_early_fusion_model.pth (验证准确率: 0.5000)
2025-06-09 01:22:25,149 - INFO - 训练损失: 0.6906 | 训练准确率: 0.5000 | 耗时: 71.59s
2025-06-09 01:22:25,149 - INFO - 验证准确率: 0.5000
2025-06-09 01:22:25,149 - INFO - 假新闻准确率: 0.7000 (20条)
2025-06-09 01:22:25,149 - INFO - 真新闻准确率: 0.3000 (20条)
2025-06-09 01:22:25,149 - INFO - 
轮次 3/10
2025-06-09 01:23:36,750 - INFO - 保存最佳模型: best_early_fusion_model.pth (验证准确率: 0.5250)
2025-06-09 01:23:36,767 - INFO - 训练损失: 0.6778 | 训练准确率: 0.8500 | 耗时: 55.79s
2025-06-09 01:23:36,767 - INFO - 验证准确率: 0.5250
2025-06-09 01:23:36,767 - INFO - 假新闻准确率: 0.1000 (20条)
2025-06-09 01:23:36,767 - INFO - 真新闻准确率: 0.9500 (20条)
2025-06-09 01:23:36,767 - INFO - 
轮次 4/10
2025-06-09 01:24:46,550 - INFO - 训练损失: 0.6943 | 训练准确率: 0.6250 | 耗时: 55.07s
2025-06-09 01:24:46,557 - INFO - 验证准确率: 0.5000
2025-06-09 01:24:46,557 - INFO - 假新闻准确率: 0.0000 (20条)
2025-06-09 01:24:46,557 - INFO - 真新闻准确率: 1.0000 (20条)
2025-06-09 01:24:46,557 - INFO - 
轮次 5/10
2025-06-09 01:25:56,395 - INFO - 训练损失: 0.6696 | 训练准确率: 0.6000 | 耗时: 55.21s
2025-06-09 01:25:56,405 - INFO - 验证准确率: 0.5250
2025-06-09 01:25:56,405 - INFO - 假新闻准确率: 0.0500 (20条)
2025-06-09 01:25:56,406 - INFO - 真新闻准确率: 1.0000 (20条)
2025-06-09 01:25:56,406 - INFO - 
轮次 6/10
2025-06-09 01:27:10,336 - INFO - 保存最佳模型: best_early_fusion_model.pth (验证准确率: 0.5750)
2025-06-09 01:27:10,344 - INFO - 训练损失: 0.6696 | 训练准确率: 0.6000 | 耗时: 58.34s
2025-06-09 01:27:10,344 - INFO - 验证准确率: 0.5750
2025-06-09 01:27:10,344 - INFO - 假新闻准确率: 0.1500 (20条)
2025-06-09 01:27:10,344 - INFO - 真新闻准确率: 1.0000 (20条)
2025-06-09 01:27:10,344 - INFO - 
轮次 7/10
2025-06-09 01:28:22,577 - INFO - 保存最佳模型: best_early_fusion_model.pth (验证准确率: 0.6000)
2025-06-09 01:28:22,585 - INFO - 训练损失: 0.6612 | 训练准确率: 0.6500 | 耗时: 57.02s
2025-06-09 01:28:22,585 - INFO - 验证准确率: 0.6000
2025-06-09 01:28:22,585 - INFO - 假新闻准确率: 0.3000 (20条)
2025-06-09 01:28:22,585 - INFO - 真新闻准确率: 0.9000 (20条)
2025-06-09 01:28:22,586 - INFO - 
轮次 8/10
2025-06-09 01:29:34,417 - INFO - 保存最佳模型: best_early_fusion_model.pth (验证准确率: 0.6250)
2025-06-09 01:29:34,429 - INFO - 训练损失: 0.6464 | 训练准确率: 0.7500 | 耗时: 56.53s
2025-06-09 01:29:34,429 - INFO - 验证准确率: 0.6250
2025-06-09 01:29:34,429 - INFO - 假新闻准确率: 0.5500 (20条)
2025-06-09 01:29:34,429 - INFO - 真新闻准确率: 0.7000 (20条)
2025-06-09 01:29:34,430 - INFO - 
轮次 9/10
2025-06-09 01:30:47,381 - INFO - 训练损失: 0.6461 | 训练准确率: 0.8500 | 耗时: 58.05s
2025-06-09 01:30:47,389 - INFO - 验证准确率: 0.5750
2025-06-09 01:30:47,389 - INFO - 假新闻准确率: 0.7000 (20条)
2025-06-09 01:30:47,389 - INFO - 真新闻准确率: 0.4500 (20条)
2025-06-09 01:30:47,389 - INFO - 
轮次 10/10
2025-06-09 01:31:59,817 - INFO - 训练损失: 0.6433 | 训练准确率: 0.9000 | 耗时: 57.82s
2025-06-09 01:31:59,825 - INFO - 验证准确率: 0.6000
2025-06-09 01:31:59,825 - INFO - 假新闻准确率: 0.7500 (20条)
2025-06-09 01:31:59,825 - INFO - 真新闻准确率: 0.4500 (20条)
2025-06-09 01:31:59,826 - INFO - 
训练完成! 最佳模型保存至: best_early_fusion_model.pth (最佳验证准确率: 0.6250)
2025-06-09 01:31:59,826 - INFO - 
开始验证集评估...
2025-06-09 01:32:00,223 - INFO - 
模型评估结果:
2025-06-09 01:32:00,224 - INFO - 准确率: 0.5000
2025-06-09 01:32:00,224 - INFO - 精确率: 0.0000
2025-06-09 01:32:00,224 - INFO - 召回率: 0.0000
2025-06-09 01:32:00,224 - INFO - F1值: 0.0000
2025-06-09 01:32:00,227 - INFO - 混淆矩阵:
[[20  0]
 [20  0]]
2025-06-09 01:32:00,227 - INFO - 假新闻精确率: 0.0000
2025-06-09 01:32:00,227 - INFO - 假新闻召回率: 0.0000
2025-06-09 01:32:00,228 - INFO - 假新闻F1值: 0.0000
2025-06-09 01:32:00,228 - INFO - 真新闻精确率: 0.0000
2025-06-09 01:32:00,228 - INFO - 真新闻召回率: 0.0000
2025-06-09 01:32:00,228 - INFO - 真新闻F1值: 0.0000
2025-06-09 01:32:00,287 - INFO - 
训练完成! 最佳模型保存路径: best_early_fusion_model.pth
2025-06-09 01:32:00,289 - INFO - 
LDA主题建模结果:
2025-06-09 01:32:00,292 - INFO - - lda_results.npy (3328 bytes)
2025-06-09 01:32:00,293 - INFO - - train_labels.txt (120 bytes)
2025-06-09 01:32:00,293 - INFO - - train_posts.txt (3741 bytes)
2025-06-09 01:32:00,294 - INFO - - train_sentiment_labels.txt (120 bytes)
2025-06-09 01:32:00,294 - INFO - - val_labels.txt (120 bytes)
2025-06-09 01:32:00,295 - INFO - - val_posts.txt (4648 bytes)
2025-06-09 01:32:00,295 - INFO - - val_sentiment_labels.txt (120 bytes)
